<?xml version="1.0" encoding="UTF-8"?>
<!-- Generated by org.testng.reporters.JUnitReportReporter -->
<testsuite skipped="0" hostname="DESKTOP-174HOQR" name="com.testscenarios.Expedia" tests="3" failures="0" timestamp="2020-10-26T09:37:40 EDT" time="132.549" errors="0">
  <testcase name="f" time="42.004" classname="com.testscenarios.Expedia"/>
  <system-out/>
  <testcase name="f" time="46.372" classname="com.testscenarios.Expedia"/>
  <system-out/>
  <testcase name="f" time="44.173" classname="com.testscenarios.Expedia"/>
  <system-out/>
</testsuite> <!-- com.testscenarios.Expedia -->
