<?xml version="1.0" encoding="UTF-8"?>
<!-- Generated by org.testng.reporters.JUnitReportReporter -->
<testsuite skipped="0" hostname="DESKTOP-174HOQR" name="com.testscenarios.Expedia" tests="3" failures="0" timestamp="2020-11-09T15:41:50 EST" time="139.142" errors="0">
  <testcase name="f" time="40.037" classname="com.testscenarios.Expedia"/>
  <system-out/>
  <testcase name="f" time="52.306" classname="com.testscenarios.Expedia"/>
  <system-out/>
  <testcase name="f" time="46.799" classname="com.testscenarios.Expedia"/>
  <system-out/>
</testsuite> <!-- com.testscenarios.Expedia -->
